2019-11-20 16:18:41,441 DEBUG [com.alibaba.druid.pool.PreparedStatementPool] - stmt enter cache
2019-11-20 16:18:43,229 DEBUG [com.alibaba.druid.pool.PreparedStatementPool] - stmt enter cache
2019-11-20 16:18:43,262 DEBUG [com.alibaba.druid.pool.PreparedStatementPool] - stmt enter cache
2019-11-20 16:18:43,286 DEBUG [com.alibaba.druid.pool.PreparedStatementPool] - stmt enter cache
2019-11-20 16:18:43,335 DEBUG [com.alibaba.druid.pool.PreparedStatementPool] - stmt enter cache
2019-11-20 16:19:34,862 DEBUG [com.alibaba.druid.pool.PreparedStatementPool] - stmt enter cache
2019-11-20 16:19:35,201 DEBUG [com.alibaba.druid.pool.PreparedStatementPool] - stmt enter cache
2019-11-20 16:34:39,174 DEBUG [com.alibaba.druid.pool.PreparedStatementPool] - stmt enter cache
2019-11-20 16:34:39,187 DEBUG [com.alibaba.druid.pool.PreparedStatementPool] - stmt enter cache
2019-11-20 16:34:39,325 DEBUG [com.alibaba.druid.pool.PreparedStatementPool] - stmt enter cache
2019-11-20 16:34:39,388 DEBUG [com.alibaba.druid.pool.PreparedStatementPool] - stmt enter cache
2019-11-20 16:35:34,311 DEBUG [com.alibaba.druid.pool.PreparedStatementPool] - stmt enter cache
2019-11-20 16:35:34,379 DEBUG [com.alibaba.druid.pool.PreparedStatementPool] - stmt enter cache
2019-11-20 16:35:34,420 DEBUG [com.alibaba.druid.pool.PreparedStatementPool] - stmt enter cache
2019-11-20 16:35:34,436 DEBUG [com.alibaba.druid.pool.PreparedStatementPool] - stmt enter cache
2019-11-20 16:36:46,698 DEBUG [com.alibaba.druid.pool.PreparedStatementPool] - stmt enter cache
2019-11-20 16:36:46,798 DEBUG [com.alibaba.druid.pool.PreparedStatementPool] - stmt enter cache
2019-11-20 16:40:41,033 DEBUG [com.alibaba.druid.pool.PreparedStatementPool] - stmt enter cache
2019-11-20 16:40:41,076 DEBUG [com.alibaba.druid.pool.PreparedStatementPool] - stmt enter cache
2019-11-20 16:41:04,639 DEBUG [com.alibaba.druid.pool.PreparedStatementPool] - stmt enter cache
2019-11-20 16:41:04,694 DEBUG [com.alibaba.druid.pool.PreparedStatementPool] - stmt enter cache
2019-11-20 16:53:45,556 DEBUG [com.alibaba.druid.pool.PreparedStatementPool] - stmt enter cache
2019-11-20 16:53:45,569 DEBUG [com.alibaba.druid.pool.PreparedStatementPool] - stmt enter cache
2019-12-04 16:24:56,289 DEBUG [com.alibaba.druid.pool.PreparedStatementPool] - stmt enter cache
2019-12-04 16:26:54,188 DEBUG [com.alibaba.druid.pool.PreparedStatementPool] - stmt enter cache
2019-12-04 16:27:47,096 DEBUG [com.alibaba.druid.pool.PreparedStatementPool] - stmt enter cache
2019-12-04 17:11:26,320 DEBUG [com.alibaba.druid.pool.PreparedStatementPool] - stmt enter cache
2019-12-04 17:11:26,471 DEBUG [com.alibaba.druid.pool.PreparedStatementPool] - stmt enter cache
2019-12-05 15:57:10,812 DEBUG [com.alibaba.druid.pool.PreparedStatementPool] - stmt enter cache
2019-12-05 16:51:01,563 DEBUG [com.alibaba.druid.pool.PreparedStatementPool] - stmt enter cache
2019-12-05 16:53:30,024 DEBUG [com.alibaba.druid.pool.PreparedStatementPool] - stmt enter cache
2019-12-05 17:06:44,201 DEBUG [com.alibaba.druid.pool.PreparedStatementPool] - stmt enter cache
2019-12-09 11:41:54,231 DEBUG [com.alibaba.druid.pool.PreparedStatementPool] - stmt enter cache
2019-12-09 11:41:57,427 DEBUG [com.alibaba.druid.pool.PreparedStatementPool] - stmt enter cache
2019-12-09 11:41:57,457 DEBUG [com.alibaba.druid.pool.PreparedStatementPool] - stmt enter cache
2019-12-09 11:41:57,843 DEBUG [com.alibaba.druid.pool.PreparedStatementPool] - stmt enter cache
2019-12-09 11:41:57,891 DEBUG [com.alibaba.druid.pool.PreparedStatementPool] - stmt enter cache
2019-12-09 11:45:44,700 DEBUG [com.alibaba.druid.pool.PreparedStatementPool] - stmt enter cache
2019-12-09 11:45:44,711 DEBUG [com.alibaba.druid.pool.PreparedStatementPool] - stmt enter cache
2019-12-09 11:45:50,694 DEBUG [com.alibaba.druid.pool.PreparedStatementPool] - stmt enter cache
2019-12-09 11:45:50,739 DEBUG [com.alibaba.druid.pool.PreparedStatementPool] - stmt enter cache
2019-12-09 11:45:51,937 DEBUG [com.alibaba.druid.pool.PreparedStatementPool] - stmt enter cache
2019-12-09 11:45:51,956 DEBUG [com.alibaba.druid.pool.PreparedStatementPool] - stmt enter cache
2019-12-09 11:45:54,742 DEBUG [com.alibaba.druid.pool.PreparedStatementPool] - stmt enter cache
2019-12-09 11:45:54,869 DEBUG [com.alibaba.druid.pool.PreparedStatementPool] - stmt enter cache
2019-12-09 11:46:00,090 DEBUG [com.alibaba.druid.pool.PreparedStatementPool] - stmt enter cache
2019-12-09 11:48:03,876 DEBUG [com.alibaba.druid.pool.PreparedStatementPool] - stmt enter cache
2019-12-09 11:48:03,917 DEBUG [com.alibaba.druid.pool.PreparedStatementPool] - stmt enter cache
2019-12-09 11:48:35,906 DEBUG [com.alibaba.druid.pool.PreparedStatementPool] - stmt enter cache
2019-12-09 11:48:38,525 DEBUG [com.alibaba.druid.pool.PreparedStatementPool] - stmt enter cache
2019-12-09 11:48:38,540 DEBUG [com.alibaba.druid.pool.PreparedStatementPool] - stmt enter cache
2019-12-09 11:51:24,111 DEBUG [com.alibaba.druid.pool.PreparedStatementPool] - stmt enter cache
2019-12-09 11:51:24,125 DEBUG [com.alibaba.druid.pool.PreparedStatementPool] - stmt enter cache
2019-12-09 11:51:24,153 DEBUG [com.alibaba.druid.pool.PreparedStatementPool] - stmt enter cache
2019-12-09 11:51:24,178 DEBUG [com.alibaba.druid.pool.PreparedStatementPool] - stmt enter cache
2019-12-09 14:16:48,969 DEBUG [com.alibaba.druid.pool.PreparedStatementPool] - stmt enter cache
2019-12-09 14:17:04,109 DEBUG [com.alibaba.druid.pool.PreparedStatementPool] - stmt enter cache
2019-12-09 14:17:12,085 DEBUG [com.alibaba.druid.pool.PreparedStatementPool] - stmt enter cache
2019-12-09 14:17:15,717 DEBUG [com.alibaba.druid.pool.PreparedStatementPool] - stmt enter cache
2019-12-09 14:17:15,737 DEBUG [com.alibaba.druid.pool.PreparedStatementPool] - stmt enter cache
2019-12-09 14:17:17,086 DEBUG [com.alibaba.druid.pool.PreparedStatementPool] - stmt enter cache
2019-12-09 14:17:17,120 DEBUG [com.alibaba.druid.pool.PreparedStatementPool] - stmt enter cache
2019-12-09 14:17:18,918 DEBUG [com.alibaba.druid.pool.PreparedStatementPool] - stmt enter cache
2019-12-09 14:17:18,941 DEBUG [com.alibaba.druid.pool.PreparedStatementPool] - stmt enter cache
2019-12-09 14:17:22,127 DEBUG [com.alibaba.druid.pool.PreparedStatementPool] - stmt enter cache
2019-12-09 14:17:22,278 DEBUG [com.alibaba.druid.pool.PreparedStatementPool] - stmt enter cache
2019-12-09 14:22:01,148 DEBUG [com.alibaba.druid.pool.PreparedStatementPool] - stmt enter cache
2019-12-09 14:22:04,048 DEBUG [com.alibaba.druid.pool.PreparedStatementPool] - stmt enter cache
2019-12-09 14:22:04,060 DEBUG [com.alibaba.druid.pool.PreparedStatementPool] - stmt enter cache
2019-12-09 14:22:04,189 DEBUG [com.alibaba.druid.pool.PreparedStatementPool] - stmt enter cache
2019-12-09 14:22:04,235 DEBUG [com.alibaba.druid.pool.PreparedStatementPool] - stmt enter cache
2019-12-09 14:22:06,509 DEBUG [com.alibaba.druid.pool.PreparedStatementPool] - stmt enter cache
2019-12-09 14:22:39,749 DEBUG [com.alibaba.druid.pool.PreparedStatementPool] - stmt enter cache
2019-12-09 14:22:49,063 DEBUG [com.alibaba.druid.pool.PreparedStatementPool] - stmt enter cache
2019-12-09 14:22:52,842 DEBUG [com.alibaba.druid.pool.PreparedStatementPool] - stmt enter cache
2019-12-09 14:28:34,401 DEBUG [com.alibaba.druid.pool.PreparedStatementPool] - stmt enter cache
2019-12-09 14:33:38,577 DEBUG [com.alibaba.druid.pool.PreparedStatementPool] - stmt exit cache
2019-12-09 14:33:38,577 DEBUG [com.alibaba.druid.pool.PreparedStatementPool] - stmt enter cache
2019-12-09 14:33:38,602 DEBUG [com.alibaba.druid.pool.PreparedStatementPool] - stmt exit cache
2019-12-09 14:33:38,602 DEBUG [com.alibaba.druid.pool.PreparedStatementPool] - stmt enter cache
2019-12-09 14:35:11,596 DEBUG [com.alibaba.druid.pool.PreparedStatementPool] - stmt enter cache
2019-12-09 14:35:11,765 DEBUG [com.alibaba.druid.pool.PreparedStatementPool] - stmt enter cache
2019-12-09 14:35:34,510 DEBUG [com.alibaba.druid.pool.PreparedStatementPool] - stmt enter cache
2019-12-09 14:35:46,630 DEBUG [com.alibaba.druid.pool.PreparedStatementPool] - stmt enter cache
2019-12-09 14:35:46,800 DEBUG [com.alibaba.druid.pool.PreparedStatementPool] - stmt enter cache
2019-12-09 14:36:28,836 DEBUG [com.alibaba.druid.pool.PreparedStatementPool] - stmt enter cache
2019-12-09 14:37:16,635 DEBUG [com.alibaba.druid.pool.PreparedStatementPool] - stmt exit cache
2019-12-09 14:37:16,635 DEBUG [com.alibaba.druid.pool.PreparedStatementPool] - stmt enter cache
2019-12-09 14:37:16,683 DEBUG [com.alibaba.druid.pool.PreparedStatementPool] - stmt exit cache
2019-12-09 14:37:16,683 DEBUG [com.alibaba.druid.pool.PreparedStatementPool] - stmt enter cache
2019-12-09 14:49:49,557 DEBUG [com.alibaba.druid.pool.PreparedStatementPool] - stmt enter cache
2019-12-09 14:49:51,745 DEBUG [com.alibaba.druid.pool.PreparedStatementPool] - stmt enter cache
2019-12-09 16:02:37,780 DEBUG [com.alibaba.druid.pool.PreparedStatementPool] - stmt enter cache
2019-12-09 16:02:37,938 DEBUG [com.alibaba.druid.pool.PreparedStatementPool] - stmt enter cache
2019-12-09 16:02:38,098 DEBUG [com.alibaba.druid.pool.PreparedStatementPool] - stmt enter cache
2019-12-09 16:03:56,315 DEBUG [com.alibaba.druid.pool.PreparedStatementPool] - stmt enter cache
2019-12-09 16:10:18,669 DEBUG [com.alibaba.druid.pool.PreparedStatementPool] - stmt enter cache
2019-12-09 16:15:34,836 DEBUG [com.alibaba.druid.pool.PreparedStatementPool] - stmt enter cache
2019-12-09 16:15:34,987 DEBUG [com.alibaba.druid.pool.PreparedStatementPool] - stmt enter cache
2019-12-09 16:15:35,021 DEBUG [com.alibaba.druid.pool.PreparedStatementPool] - stmt enter cache
2019-12-09 16:19:05,760 DEBUG [com.alibaba.druid.pool.PreparedStatementPool] - stmt enter cache
2019-12-09 16:19:09,650 DEBUG [com.alibaba.druid.pool.PreparedStatementPool] - stmt enter cache
2019-12-09 16:19:09,809 DEBUG [com.alibaba.druid.pool.PreparedStatementPool] - stmt enter cache
2019-12-09 16:19:11,063 DEBUG [com.alibaba.druid.pool.PreparedStatementPool] - stmt enter cache
2019-12-09 16:19:11,086 DEBUG [com.alibaba.druid.pool.PreparedStatementPool] - stmt enter cache
2019-12-09 16:19:13,355 DEBUG [com.alibaba.druid.pool.PreparedStatementPool] - stmt enter cache
2019-12-09 16:19:13,377 DEBUG [com.alibaba.druid.pool.PreparedStatementPool] - stmt enter cache
2019-12-09 16:19:16,071 DEBUG [com.alibaba.druid.pool.PreparedStatementPool] - stmt enter cache
2019-12-09 16:19:22,556 DEBUG [com.alibaba.druid.pool.PreparedStatementPool] - stmt enter cache
2019-12-09 16:19:22,566 DEBUG [com.alibaba.druid.pool.PreparedStatementPool] - stmt enter cache
2019-12-09 16:19:23,362 DEBUG [com.alibaba.druid.pool.PreparedStatementPool] - stmt enter cache
2019-12-09 16:19:23,380 DEBUG [com.alibaba.druid.pool.PreparedStatementPool] - stmt enter cache
2019-12-09 16:19:24,049 DEBUG [com.alibaba.druid.pool.PreparedStatementPool] - stmt enter cache
2019-12-09 16:19:24,062 DEBUG [com.alibaba.druid.pool.PreparedStatementPool] - stmt enter cache
2019-12-09 16:19:25,605 DEBUG [com.alibaba.druid.pool.PreparedStatementPool] - stmt enter cache
2019-12-09 16:19:25,627 DEBUG [com.alibaba.druid.pool.PreparedStatementPool] - stmt enter cache
2019-12-09 16:19:29,362 DEBUG [com.alibaba.druid.pool.PreparedStatementPool] - stmt enter cache
2019-12-09 16:19:29,382 DEBUG [com.alibaba.druid.pool.PreparedStatementPool] - stmt enter cache
2019-12-09 16:19:35,357 DEBUG [com.alibaba.druid.pool.PreparedStatementPool] - stmt enter cache
2019-12-09 16:20:57,096 DEBUG [com.alibaba.druid.pool.PreparedStatementPool] - stmt enter cache
2019-12-09 16:20:57,100 DEBUG [com.alibaba.druid.pool.PreparedStatementPool] - stmt enter cache
2019-12-09 16:20:57,103 DEBUG [com.alibaba.druid.pool.PreparedStatementPool] - stmt enter cache
2019-12-09 16:22:24,409 DEBUG [com.alibaba.druid.pool.PreparedStatementPool] - stmt enter cache
2019-12-09 16:22:26,930 DEBUG [com.alibaba.druid.pool.PreparedStatementPool] - stmt enter cache
2019-12-09 16:22:26,941 DEBUG [com.alibaba.druid.pool.PreparedStatementPool] - stmt enter cache
2019-12-09 16:22:26,955 DEBUG [com.alibaba.druid.pool.PreparedStatementPool] - stmt exit cache
2019-12-09 16:22:26,955 DEBUG [com.alibaba.druid.pool.PreparedStatementPool] - stmt enter cache
2019-12-09 16:22:26,976 DEBUG [com.alibaba.druid.pool.PreparedStatementPool] - stmt exit cache
2019-12-09 16:22:26,976 DEBUG [com.alibaba.druid.pool.PreparedStatementPool] - stmt enter cache
2019-12-09 16:22:44,325 DEBUG [com.alibaba.druid.pool.PreparedStatementPool] - stmt exit cache
2019-12-09 16:22:44,325 DEBUG [com.alibaba.druid.pool.PreparedStatementPool] - stmt enter cache
2019-12-09 16:22:44,337 DEBUG [com.alibaba.druid.pool.PreparedStatementPool] - stmt exit cache
2019-12-09 16:22:44,337 DEBUG [com.alibaba.druid.pool.PreparedStatementPool] - stmt enter cache
2019-12-09 16:22:44,909 DEBUG [com.alibaba.druid.pool.PreparedStatementPool] - stmt exit cache
2019-12-09 16:22:44,909 DEBUG [com.alibaba.druid.pool.PreparedStatementPool] - stmt enter cache
2019-12-09 16:22:44,918 DEBUG [com.alibaba.druid.pool.PreparedStatementPool] - stmt exit cache
2019-12-09 16:22:44,918 DEBUG [com.alibaba.druid.pool.PreparedStatementPool] - stmt enter cache
2019-12-09 16:22:45,465 DEBUG [com.alibaba.druid.pool.PreparedStatementPool] - stmt exit cache
2019-12-09 16:22:45,465 DEBUG [com.alibaba.druid.pool.PreparedStatementPool] - stmt enter cache
2019-12-09 16:22:45,476 DEBUG [com.alibaba.druid.pool.PreparedStatementPool] - stmt exit cache
2019-12-09 16:22:45,476 DEBUG [com.alibaba.druid.pool.PreparedStatementPool] - stmt enter cache
2019-12-09 16:22:45,496 DEBUG [com.alibaba.druid.pool.PreparedStatementPool] - stmt exit cache
2019-12-09 16:22:45,496 DEBUG [com.alibaba.druid.pool.PreparedStatementPool] - stmt enter cache
2019-12-09 16:22:48,584 DEBUG [com.alibaba.druid.pool.PreparedStatementPool] - stmt exit cache
2019-12-09 16:22:48,584 DEBUG [com.alibaba.druid.pool.PreparedStatementPool] - stmt enter cache
2019-12-09 16:22:48,596 DEBUG [com.alibaba.druid.pool.PreparedStatementPool] - stmt exit cache
2019-12-09 16:22:48,596 DEBUG [com.alibaba.druid.pool.PreparedStatementPool] - stmt enter cache
2019-12-09 16:22:52,336 DEBUG [com.alibaba.druid.pool.PreparedStatementPool] - stmt enter cache
2019-12-09 16:22:54,149 DEBUG [com.alibaba.druid.pool.PreparedStatementPool] - stmt enter cache
2019-12-09 16:22:55,804 DEBUG [com.alibaba.druid.pool.PreparedStatementPool] - stmt enter cache
2019-12-09 16:23:02,862 DEBUG [com.alibaba.druid.pool.PreparedStatementPool] - stmt enter cache
2019-12-09 16:23:05,024 DEBUG [com.alibaba.druid.pool.PreparedStatementPool] - stmt enter cache
2019-12-09 16:23:08,869 DEBUG [com.alibaba.druid.pool.PreparedStatementPool] - stmt enter cache
2019-12-09 16:23:41,089 DEBUG [com.alibaba.druid.pool.PreparedStatementPool] - stmt enter cache
2019-12-09 16:27:24,144 DEBUG [com.alibaba.druid.pool.PreparedStatementPool] - stmt enter cache
2019-12-09 16:27:24,166 DEBUG [com.alibaba.druid.pool.PreparedStatementPool] - stmt enter cache
2019-12-09 16:27:47,304 DEBUG [com.alibaba.druid.pool.PreparedStatementPool] - stmt enter cache
2019-12-09 16:28:33,649 DEBUG [com.alibaba.druid.pool.PreparedStatementPool] - stmt enter cache
2019-12-09 16:28:33,674 DEBUG [com.alibaba.druid.pool.PreparedStatementPool] - stmt enter cache
2019-12-09 16:28:37,108 DEBUG [com.alibaba.druid.pool.PreparedStatementPool] - stmt exit cache
2019-12-09 16:28:37,108 DEBUG [com.alibaba.druid.pool.PreparedStatementPool] - stmt enter cache
2019-12-09 16:28:37,130 DEBUG [com.alibaba.druid.pool.PreparedStatementPool] - stmt exit cache
2019-12-09 16:28:37,130 DEBUG [com.alibaba.druid.pool.PreparedStatementPool] - stmt enter cache
2019-12-09 16:28:37,767 DEBUG [com.alibaba.druid.pool.PreparedStatementPool] - stmt exit cache
2019-12-09 16:28:37,767 DEBUG [com.alibaba.druid.pool.PreparedStatementPool] - stmt enter cache
2019-12-09 16:30:50,059 DEBUG [com.alibaba.druid.pool.PreparedStatementPool] - stmt exit cache
2019-12-09 16:30:50,059 DEBUG [com.alibaba.druid.pool.PreparedStatementPool] - stmt enter cache
2019-12-09 16:30:50,070 DEBUG [com.alibaba.druid.pool.PreparedStatementPool] - stmt exit cache
2019-12-09 16:30:50,070 DEBUG [com.alibaba.druid.pool.PreparedStatementPool] - stmt enter cache
2019-12-09 16:30:58,326 DEBUG [com.alibaba.druid.pool.PreparedStatementPool] - stmt exit cache
2019-12-09 16:30:58,327 DEBUG [com.alibaba.druid.pool.PreparedStatementPool] - stmt enter cache
2019-12-09 16:32:07,778 DEBUG [com.alibaba.druid.pool.PreparedStatementPool] - stmt exit cache
2019-12-09 16:32:07,778 DEBUG [com.alibaba.druid.pool.PreparedStatementPool] - stmt enter cache
2019-12-09 16:32:15,615 DEBUG [com.alibaba.druid.pool.PreparedStatementPool] - stmt exit cache
2019-12-09 16:32:15,615 DEBUG [com.alibaba.druid.pool.PreparedStatementPool] - stmt enter cache
2019-12-09 16:45:21,076 DEBUG [com.alibaba.druid.pool.PreparedStatementPool] - stmt exit cache
2019-12-09 16:45:21,076 DEBUG [com.alibaba.druid.pool.PreparedStatementPool] - stmt enter cache
2019-12-09 16:45:21,195 ERROR [org.hibernate.engine.jdbc.spi.SqlExceptionHelper] - Data truncation: Incorrect date value: '' for column 'solvedate' at row 1
2019-12-09 16:45:21,423 DEBUG [com.alibaba.druid.pool.PreparedStatementPool] - stmt exit cache
2019-12-09 16:45:21,423 DEBUG [com.alibaba.druid.pool.PreparedStatementPool] - stmt enter cache
2019-12-09 16:45:23,723 ERROR [org.hibernate.engine.jdbc.spi.SqlExceptionHelper] - Data truncation: Incorrect date value: '' for column 'solvedate' at row 1
2019-12-09 16:45:31,607 ERROR [org.hibernate.engine.jdbc.spi.SqlExceptionHelper] - Data truncation: Incorrect date value: '' for column 'solvedate' at row 1
2019-12-09 16:47:06,720 DEBUG [com.alibaba.druid.pool.PreparedStatementPool] - stmt exit cache
2019-12-09 16:47:06,720 DEBUG [com.alibaba.druid.pool.PreparedStatementPool] - stmt enter cache
2019-12-09 16:50:53,879 DEBUG [com.alibaba.druid.pool.PreparedStatementPool] - stmt exit cache
2019-12-09 16:50:53,879 DEBUG [com.alibaba.druid.pool.PreparedStatementPool] - stmt enter cache
2019-12-09 16:51:05,271 DEBUG [com.alibaba.druid.pool.PreparedStatementPool] - stmt exit cache
2019-12-09 16:51:05,271 DEBUG [com.alibaba.druid.pool.PreparedStatementPool] - stmt enter cache
2019-12-09 16:51:05,345 DEBUG [com.alibaba.druid.pool.PreparedStatementPool] - stmt exit cache
2019-12-09 16:51:05,345 DEBUG [com.alibaba.druid.pool.PreparedStatementPool] - stmt enter cache
2019-12-09 16:51:16,693 DEBUG [com.alibaba.druid.pool.PreparedStatementPool] - stmt exit cache
2019-12-09 16:51:16,693 DEBUG [com.alibaba.druid.pool.PreparedStatementPool] - stmt enter cache
2019-12-09 16:51:57,246 DEBUG [com.alibaba.druid.pool.PreparedStatementPool] - stmt exit cache
2019-12-09 16:51:57,246 DEBUG [com.alibaba.druid.pool.PreparedStatementPool] - stmt enter cache
2019-12-09 16:51:57,249 DEBUG [com.alibaba.druid.pool.PreparedStatementPool] - stmt exit cache
2019-12-09 16:51:57,249 DEBUG [com.alibaba.druid.pool.PreparedStatementPool] - stmt enter cache
2019-12-09 16:52:07,502 DEBUG [com.alibaba.druid.pool.PreparedStatementPool] - stmt exit cache
2019-12-09 16:52:07,502 DEBUG [com.alibaba.druid.pool.PreparedStatementPool] - stmt enter cache
2019-12-09 16:54:36,422 DEBUG [com.alibaba.druid.pool.PreparedStatementPool] - stmt exit cache
2019-12-09 16:54:36,422 DEBUG [com.alibaba.druid.pool.PreparedStatementPool] - stmt enter cache
2019-12-09 16:54:41,050 DEBUG [com.alibaba.druid.pool.PreparedStatementPool] - stmt exit cache
2019-12-09 16:54:41,050 DEBUG [com.alibaba.druid.pool.PreparedStatementPool] - stmt enter cache
2019-12-09 16:54:42,952 DEBUG [com.alibaba.druid.pool.PreparedStatementPool] - stmt exit cache
2019-12-09 16:54:42,952 DEBUG [com.alibaba.druid.pool.PreparedStatementPool] - stmt enter cache
2019-12-09 16:54:45,269 DEBUG [com.alibaba.druid.pool.PreparedStatementPool] - stmt exit cache
2019-12-09 16:54:45,269 DEBUG [com.alibaba.druid.pool.PreparedStatementPool] - stmt enter cache
2019-12-09 16:54:48,544 DEBUG [com.alibaba.druid.pool.PreparedStatementPool] - stmt exit cache
2019-12-09 16:54:48,545 DEBUG [com.alibaba.druid.pool.PreparedStatementPool] - stmt enter cache
2019-12-09 16:55:19,592 DEBUG [com.alibaba.druid.pool.PreparedStatementPool] - stmt exit cache
2019-12-09 16:55:19,592 DEBUG [com.alibaba.druid.pool.PreparedStatementPool] - stmt enter cache
2019-12-09 16:55:19,651 DEBUG [com.alibaba.druid.pool.PreparedStatementPool] - stmt exit cache
2019-12-09 16:55:19,651 DEBUG [com.alibaba.druid.pool.PreparedStatementPool] - stmt enter cache
2019-12-09 16:55:19,690 DEBUG [com.alibaba.druid.pool.PreparedStatementPool] - stmt enter cache
2019-12-09 16:55:19,702 DEBUG [com.alibaba.druid.pool.PreparedStatementPool] - stmt enter cache
2019-12-09 16:55:20,607 DEBUG [com.alibaba.druid.pool.PreparedStatementPool] - stmt enter cache
2019-12-09 16:55:20,622 DEBUG [com.alibaba.druid.pool.PreparedStatementPool] - stmt enter cache
2019-12-09 16:55:20,742 DEBUG [com.alibaba.druid.pool.PreparedStatementPool] - stmt enter cache
2019-12-09 16:55:55,010 DEBUG [com.alibaba.druid.pool.PreparedStatementPool] - stmt exit cache
2019-12-09 16:55:55,010 DEBUG [com.alibaba.druid.pool.PreparedStatementPool] - stmt enter cache
2019-12-09 16:55:55,032 DEBUG [com.alibaba.druid.pool.PreparedStatementPool] - stmt exit cache
2019-12-09 16:55:55,032 DEBUG [com.alibaba.druid.pool.PreparedStatementPool] - stmt enter cache
2019-12-09 17:26:53,919 DEBUG [com.alibaba.druid.pool.PreparedStatementPool] - stmt enter cache
2019-12-09 17:26:53,931 DEBUG [com.alibaba.druid.pool.PreparedStatementPool] - stmt enter cache
2019-12-09 17:30:22,050 DEBUG [com.alibaba.druid.pool.PreparedStatementPool] - stmt enter cache
2019-12-09 17:30:22,072 DEBUG [com.alibaba.druid.pool.PreparedStatementPool] - stmt enter cache
2019-12-09 17:33:26,158 DEBUG [com.alibaba.druid.pool.PreparedStatementPool] - stmt enter cache
2019-12-09 17:33:26,338 DEBUG [com.alibaba.druid.pool.PreparedStatementPool] - stmt enter cache
2019-12-09 17:33:26,377 DEBUG [com.alibaba.druid.pool.PreparedStatementPool] - stmt enter cache
2019-12-10 08:56:30,633 DEBUG [com.alibaba.druid.pool.PreparedStatementPool] - stmt enter cache
2019-12-10 08:58:39,250 DEBUG [com.alibaba.druid.pool.PreparedStatementPool] - stmt enter cache
2019-12-10 08:58:39,318 DEBUG [com.alibaba.druid.pool.PreparedStatementPool] - stmt enter cache
2019-12-10 09:03:29,262 DEBUG [com.alibaba.druid.pool.PreparedStatementPool] - stmt enter cache
2019-12-10 09:03:30,631 DEBUG [com.alibaba.druid.pool.PreparedStatementPool] - stmt enter cache
2019-12-10 09:03:30,649 DEBUG [com.alibaba.druid.pool.PreparedStatementPool] - stmt enter cache
2019-12-10 09:03:30,659 DEBUG [com.alibaba.druid.pool.PreparedStatementPool] - stmt enter cache
2019-12-10 09:03:30,702 DEBUG [com.alibaba.druid.pool.PreparedStatementPool] - stmt enter cache
2019-12-10 09:03:35,618 DEBUG [com.alibaba.druid.pool.PreparedStatementPool] - stmt enter cache
2019-12-10 09:05:46,287 DEBUG [com.alibaba.druid.pool.PreparedStatementPool] - stmt enter cache
2019-12-10 09:05:46,300 DEBUG [com.alibaba.druid.pool.PreparedStatementPool] - stmt enter cache
2019-12-10 09:05:46,337 DEBUG [com.alibaba.druid.pool.PreparedStatementPool] - stmt enter cache
2019-12-10 09:05:46,362 DEBUG [com.alibaba.druid.pool.PreparedStatementPool] - stmt enter cache
2019-12-10 09:05:48,193 DEBUG [com.alibaba.druid.pool.PreparedStatementPool] - stmt enter cache
2019-12-10 09:06:24,246 DEBUG [com.alibaba.druid.pool.PreparedStatementPool] - stmt enter cache
2019-12-10 09:06:24,252 DEBUG [com.alibaba.druid.pool.PreparedStatementPool] - stmt enter cache
2019-12-10 09:06:24,279 DEBUG [com.alibaba.druid.pool.PreparedStatementPool] - stmt enter cache
2019-12-10 09:10:19,171 DEBUG [com.alibaba.druid.pool.PreparedStatementPool] - stmt enter cache
2019-12-10 09:10:19,232 DEBUG [com.alibaba.druid.pool.PreparedStatementPool] - stmt enter cache
2019-12-10 09:12:49,300 DEBUG [com.alibaba.druid.pool.PreparedStatementPool] - stmt enter cache
2019-12-10 09:14:23,496 DEBUG [com.alibaba.druid.pool.PreparedStatementPool] - stmt enter cache
2019-12-10 09:14:23,528 DEBUG [com.alibaba.druid.pool.PreparedStatementPool] - stmt enter cache
2019-12-10 09:14:23,576 DEBUG [com.alibaba.druid.pool.PreparedStatementPool] - stmt enter cache
2019-12-10 09:14:25,807 DEBUG [com.alibaba.druid.pool.PreparedStatementPool] - stmt enter cache
2019-12-10 09:14:25,825 DEBUG [com.alibaba.druid.pool.PreparedStatementPool] - stmt enter cache
2019-12-10 09:14:27,493 DEBUG [com.alibaba.druid.pool.PreparedStatementPool] - stmt enter cache
2019-12-10 09:14:31,759 DEBUG [com.alibaba.druid.pool.PreparedStatementPool] - stmt enter cache
2019-12-10 09:14:31,802 DEBUG [com.alibaba.druid.pool.PreparedStatementPool] - stmt enter cache
2019-12-10 09:15:10,633 DEBUG [com.alibaba.druid.pool.PreparedStatementPool] - stmt enter cache
2019-12-10 09:15:10,831 DEBUG [com.alibaba.druid.pool.PreparedStatementPool] - stmt enter cache
2019-12-10 09:15:10,850 DEBUG [com.alibaba.druid.pool.PreparedStatementPool] - stmt enter cache
2019-12-10 09:16:45,401 DEBUG [com.alibaba.druid.pool.PreparedStatementPool] - stmt enter cache
2019-12-10 09:16:45,432 DEBUG [com.alibaba.druid.pool.PreparedStatementPool] - stmt enter cache
2019-12-10 09:16:49,274 DEBUG [com.alibaba.druid.pool.PreparedStatementPool] - stmt enter cache
2019-12-10 09:16:49,307 DEBUG [com.alibaba.druid.pool.PreparedStatementPool] - stmt enter cache
2019-12-10 09:17:15,873 DEBUG [com.alibaba.druid.pool.PreparedStatementPool] - stmt enter cache
2019-12-10 09:17:15,884 DEBUG [com.alibaba.druid.pool.PreparedStatementPool] - stmt enter cache
2019-12-10 09:18:07,103 DEBUG [com.alibaba.druid.pool.PreparedStatementPool] - stmt enter cache
2019-12-10 09:24:20,193 DEBUG [com.alibaba.druid.pool.PreparedStatementPool] - stmt enter cache
2019-12-25 15:03:00,582 DEBUG [com.alibaba.druid.pool.PreparedStatementPool] - stmt enter cache
2019-12-25 15:03:10,175 DEBUG [com.alibaba.druid.pool.PreparedStatementPool] - stmt enter cache
2019-12-25 15:03:10,208 DEBUG [com.alibaba.druid.pool.PreparedStatementPool] - stmt enter cache
2019-12-25 15:03:10,241 DEBUG [com.alibaba.druid.pool.PreparedStatementPool] - stmt enter cache
2019-12-25 15:03:10,256 DEBUG [com.alibaba.druid.pool.PreparedStatementPool] - stmt enter cache
2019-12-25 15:11:17,832 DEBUG [com.alibaba.druid.pool.PreparedStatementPool] - stmt enter cache
2019-12-25 15:11:18,044 DEBUG [com.alibaba.druid.pool.PreparedStatementPool] - stmt enter cache
2019-12-25 15:13:23,432 DEBUG [com.alibaba.druid.pool.PreparedStatementPool] - stmt enter cache
2019-12-25 15:14:24,440 DEBUG [com.alibaba.druid.pool.PreparedStatementPool] - stmt enter cache
2019-12-25 15:14:24,450 DEBUG [com.alibaba.druid.pool.PreparedStatementPool] - stmt enter cache
2019-12-25 15:16:54,152 DEBUG [com.alibaba.druid.pool.PreparedStatementPool] - stmt enter cache
2019-12-25 15:16:54,172 DEBUG [com.alibaba.druid.pool.PreparedStatementPool] - stmt enter cache
2019-12-25 15:38:46,677 DEBUG [com.alibaba.druid.pool.PreparedStatementPool] - stmt enter cache
2019-12-25 15:38:46,919 DEBUG [com.alibaba.druid.pool.PreparedStatementPool] - stmt enter cache
2019-12-25 16:43:24,709 DEBUG [com.alibaba.druid.pool.PreparedStatementPool] - stmt enter cache
2019-12-25 17:10:46,497 DEBUG [com.alibaba.druid.pool.PreparedStatementPool] - stmt enter cache
2019-12-25 17:22:44,726 DEBUG [com.alibaba.druid.pool.PreparedStatementPool] - stmt enter cache
2019-12-25 17:23:15,775 DEBUG [com.alibaba.druid.pool.PreparedStatementPool] - stmt enter cache
2019-12-26 15:18:45,150 DEBUG [com.alibaba.druid.pool.PreparedStatementPool] - stmt enter cache
2019-12-26 15:29:03,383 DEBUG [com.alibaba.druid.pool.PreparedStatementPool] - stmt enter cache
2019-12-26 15:29:25,062 DEBUG [com.alibaba.druid.pool.PreparedStatementPool] - stmt enter cache
2019-12-26 15:29:26,162 DEBUG [com.alibaba.druid.pool.PreparedStatementPool] - stmt enter cache
2019-12-26 15:46:16,706 DEBUG [com.alibaba.druid.pool.PreparedStatementPool] - stmt enter cache
2019-12-26 16:08:31,623 DEBUG [com.alibaba.druid.pool.PreparedStatementPool] - stmt enter cache
2019-12-26 16:08:34,970 DEBUG [com.alibaba.druid.pool.PreparedStatementPool] - stmt enter cache
2019-12-26 16:08:35,001 DEBUG [com.alibaba.druid.pool.PreparedStatementPool] - stmt enter cache
2019-12-26 16:08:35,165 DEBUG [com.alibaba.druid.pool.PreparedStatementPool] - stmt enter cache
2019-12-26 16:08:35,177 DEBUG [com.alibaba.druid.pool.PreparedStatementPool] - stmt enter cache
2019-12-26 16:08:43,635 DEBUG [com.alibaba.druid.pool.PreparedStatementPool] - stmt enter cache
2019-12-26 16:08:43,669 DEBUG [com.alibaba.druid.pool.PreparedStatementPool] - stmt enter cache
2019-12-26 16:08:43,789 DEBUG [com.alibaba.druid.pool.PreparedStatementPool] - stmt enter cache
2019-12-26 16:08:43,902 DEBUG [com.alibaba.druid.pool.PreparedStatementPool] - stmt enter cache
2019-12-26 16:08:44,199 DEBUG [com.alibaba.druid.pool.PreparedStatementPool] - stmt enter cache
2019-12-26 16:08:44,220 DEBUG [com.alibaba.druid.pool.PreparedStatementPool] - stmt enter cache
2019-12-26 17:26:11,584 DEBUG [com.alibaba.druid.pool.PreparedStatementPool] - stmt enter cache
2019-12-26 17:26:14,543 DEBUG [com.alibaba.druid.pool.PreparedStatementPool] - stmt enter cache
2019-12-26 17:26:14,555 DEBUG [com.alibaba.druid.pool.PreparedStatementPool] - stmt enter cache
2019-12-26 17:26:22,042 DEBUG [com.alibaba.druid.pool.PreparedStatementPool] - stmt enter cache
2019-12-26 17:31:33,311 DEBUG [com.alibaba.druid.pool.PreparedStatementPool] - stmt enter cache
2019-12-26 17:31:36,484 DEBUG [com.alibaba.druid.pool.PreparedStatementPool] - stmt enter cache
2019-12-26 17:31:39,316 DEBUG [com.alibaba.druid.pool.PreparedStatementPool] - stmt enter cache
2019-12-26 17:31:39,339 DEBUG [com.alibaba.druid.pool.PreparedStatementPool] - stmt enter cache
2019-12-26 17:31:39,378 DEBUG [com.alibaba.druid.pool.PreparedStatementPool] - stmt enter cache
2019-12-26 17:31:39,401 DEBUG [com.alibaba.druid.pool.PreparedStatementPool] - stmt enter cache
2019-12-27 08:43:58,806 DEBUG [com.alibaba.druid.pool.PreparedStatementPool] - stmt enter cache
2019-12-27 08:43:59,124 DEBUG [com.alibaba.druid.pool.PreparedStatementPool] - stmt enter cache
2019-12-27 08:44:08,665 DEBUG [com.alibaba.druid.pool.PreparedStatementPool] - stmt enter cache
2019-12-27 08:44:09,369 DEBUG [com.alibaba.druid.pool.PreparedStatementPool] - stmt enter cache
2019-12-27 08:45:46,937 ERROR [org.hibernate.engine.jdbc.spi.SqlExceptionHelper] - Unknown column 'recordenti0_.USERID' in 'field list'
2019-12-27 09:03:56,891 DEBUG [com.alibaba.druid.pool.PreparedStatementPool] - stmt enter cache
2019-12-27 09:03:56,958 DEBUG [com.alibaba.druid.pool.PreparedStatementPool] - stmt enter cache
2019-12-27 10:44:18,242 DEBUG [com.alibaba.druid.pool.PreparedStatementPool] - stmt enter cache
2019-12-27 10:45:45,929 DEBUG [com.alibaba.druid.pool.PreparedStatementPool] - stmt enter cache
2019-12-27 14:17:15,105 DEBUG [com.alibaba.druid.pool.PreparedStatementPool] - stmt enter cache
2019-12-27 14:17:24,151 DEBUG [com.alibaba.druid.pool.PreparedStatementPool] - stmt enter cache
2019-12-27 14:17:24,151 DEBUG [com.alibaba.druid.pool.PreparedStatementPool] - stmt enter cache
2019-12-27 14:17:24,262 DEBUG [com.alibaba.druid.pool.PreparedStatementPool] - stmt enter cache
2019-12-27 14:17:24,513 DEBUG [com.alibaba.druid.pool.PreparedStatementPool] - stmt enter cache
2019-12-27 14:17:25,998 ERROR [org.hibernate.engine.jdbc.spi.SqlExceptionHelper] - View 'eamicdb.ea_record_v' references invalid table(s) or column(s) or function(s) or definer/invoker of view lack rights to use them
2019-12-27 14:17:52,892 DEBUG [com.alibaba.druid.pool.PreparedStatementPool] - stmt enter cache
2019-12-27 14:17:52,942 DEBUG [com.alibaba.druid.pool.PreparedStatementPool] - stmt enter cache
2019-12-27 14:17:57,859 DEBUG [com.alibaba.druid.pool.PreparedStatementPool] - stmt enter cache
2019-12-27 14:17:57,890 DEBUG [com.alibaba.druid.pool.PreparedStatementPool] - stmt enter cache
2019-12-27 14:19:42,654 DEBUG [com.alibaba.druid.pool.PreparedStatementPool] - stmt enter cache
2019-12-27 14:19:45,917 DEBUG [com.alibaba.druid.pool.PreparedStatementPool] - stmt enter cache
2019-12-27 14:19:45,962 DEBUG [com.alibaba.druid.pool.PreparedStatementPool] - stmt enter cache
2019-12-27 14:21:00,381 DEBUG [com.alibaba.druid.pool.PreparedStatementPool] - stmt enter cache
2019-12-27 14:21:07,681 DEBUG [com.alibaba.druid.pool.PreparedStatementPool] - stmt enter cache
2019-12-27 14:21:07,691 DEBUG [com.alibaba.druid.pool.PreparedStatementPool] - stmt enter cache
2019-12-27 14:21:08,830 DEBUG [com.alibaba.druid.pool.PreparedStatementPool] - stmt enter cache
2019-12-27 14:21:09,118 DEBUG [com.alibaba.druid.pool.PreparedStatementPool] - stmt enter cache
2019-12-27 14:26:41,465 DEBUG [com.alibaba.druid.pool.PreparedStatementPool] - stmt enter cache
2019-12-27 14:26:41,482 DEBUG [com.alibaba.druid.pool.PreparedStatementPool] - stmt enter cache
2019-12-27 14:44:42,818 DEBUG [com.alibaba.druid.pool.PreparedStatementPool] - stmt enter cache
2019-12-27 14:44:42,841 DEBUG [com.alibaba.druid.pool.PreparedStatementPool] - stmt enter cache
2019-12-27 14:45:40,735 DEBUG [com.alibaba.druid.pool.PreparedStatementPool] - stmt enter cache
2019-12-27 14:45:43,956 DEBUG [com.alibaba.druid.pool.PreparedStatementPool] - stmt enter cache
2019-12-27 14:45:43,967 DEBUG [com.alibaba.druid.pool.PreparedStatementPool] - stmt enter cache
2019-12-27 14:45:43,992 DEBUG [com.alibaba.druid.pool.PreparedStatementPool] - stmt enter cache
2019-12-27 14:45:44,016 DEBUG [com.alibaba.druid.pool.PreparedStatementPool] - stmt enter cache
2019-12-27 15:06:37,075 DEBUG [com.alibaba.druid.pool.PreparedStatementPool] - stmt enter cache
2019-12-27 15:06:37,108 DEBUG [com.alibaba.druid.pool.PreparedStatementPool] - stmt enter cache
2019-12-27 15:06:37,185 DEBUG [com.alibaba.druid.pool.PreparedStatementPool] - stmt enter cache
2019-12-27 15:06:37,207 DEBUG [com.alibaba.druid.pool.PreparedStatementPool] - stmt enter cache
2019-12-27 15:06:41,811 DEBUG [com.alibaba.druid.pool.PreparedStatementPool] - stmt enter cache
2019-12-27 15:06:41,813 DEBUG [com.alibaba.druid.pool.PreparedStatementPool] - stmt enter cache
2019-12-27 15:07:59,686 DEBUG [com.alibaba.druid.pool.PreparedStatementPool] - stmt enter cache
2019-12-27 16:10:30,795 DEBUG [com.alibaba.druid.pool.PreparedStatementPool] - stmt enter cache
2019-12-27 16:10:30,930 DEBUG [com.alibaba.druid.pool.PreparedStatementPool] - stmt enter cache
2019-12-27 16:11:05,991 DEBUG [com.alibaba.druid.pool.PreparedStatementPool] - stmt enter cache
2019-12-27 16:11:05,996 DEBUG [com.alibaba.druid.pool.PreparedStatementPool] - stmt enter cache
2019-12-27 16:11:12,909 DEBUG [com.alibaba.druid.pool.PreparedStatementPool] - stmt enter cache
2019-12-27 16:11:12,910 DEBUG [com.alibaba.druid.pool.PreparedStatementPool] - stmt enter cache
2019-12-27 16:13:24,675 DEBUG [com.alibaba.druid.pool.PreparedStatementPool] - stmt enter cache
2019-12-27 16:13:24,690 DEBUG [com.alibaba.druid.pool.PreparedStatementPool] - stmt enter cache
2019-12-27 16:21:27,331 DEBUG [com.alibaba.druid.pool.PreparedStatementPool] - stmt enter cache
2019-12-27 16:21:27,331 DEBUG [com.alibaba.druid.pool.PreparedStatementPool] - stmt enter cache
2019-12-27 16:21:27,373 DEBUG [com.alibaba.druid.pool.PreparedStatementPool] - stmt enter cache
2019-12-27 16:21:31,641 DEBUG [com.alibaba.druid.pool.PreparedStatementPool] - stmt enter cache
2019-12-27 16:21:31,641 DEBUG [com.alibaba.druid.pool.PreparedStatementPool] - stmt enter cache
2019-12-27 16:21:31,641 DEBUG [com.alibaba.druid.pool.PreparedStatementPool] - stmt enter cache
2019-12-27 16:21:31,720 DEBUG [com.alibaba.druid.pool.PreparedStatementPool] - stmt enter cache
2019-12-27 16:21:31,731 DEBUG [com.alibaba.druid.pool.PreparedStatementPool] - stmt enter cache
2019-12-27 16:21:32,718 DEBUG [com.alibaba.druid.pool.PreparedStatementPool] - stmt enter cache
2019-12-27 16:21:32,718 DEBUG [com.alibaba.druid.pool.PreparedStatementPool] - stmt enter cache
2019-12-27 16:21:32,718 DEBUG [com.alibaba.druid.pool.PreparedStatementPool] - stmt enter cache
2019-12-27 16:21:32,718 DEBUG [com.alibaba.druid.pool.PreparedStatementPool] - stmt enter cache
2019-12-27 16:21:32,718 DEBUG [com.alibaba.druid.pool.PreparedStatementPool] - stmt enter cache
2019-12-27 16:21:33,271 DEBUG [com.alibaba.druid.pool.PreparedStatementPool] - stmt enter cache
2019-12-27 16:21:33,278 DEBUG [com.alibaba.druid.pool.PreparedStatementPool] - stmt enter cache
2019-12-27 16:21:33,799 DEBUG [com.alibaba.druid.pool.PreparedStatementPool] - stmt enter cache
2019-12-27 16:21:33,815 DEBUG [com.alibaba.druid.pool.PreparedStatementPool] - stmt enter cache
2019-12-27 16:21:33,817 DEBUG [com.alibaba.druid.pool.PreparedStatementPool] - stmt enter cache
2019-12-27 16:21:33,819 DEBUG [com.alibaba.druid.pool.PreparedStatementPool] - stmt enter cache
2019-12-27 16:21:33,898 DEBUG [com.alibaba.druid.pool.PreparedStatementPool] - stmt enter cache
2019-12-27 16:21:34,335 DEBUG [com.alibaba.druid.pool.PreparedStatementPool] - stmt enter cache
2019-12-27 16:21:34,355 DEBUG [com.alibaba.druid.pool.PreparedStatementPool] - stmt enter cache
2019-12-27 16:21:47,691 DEBUG [com.alibaba.druid.pool.PreparedStatementPool] - stmt enter cache
2019-12-27 16:21:50,317 DEBUG [com.alibaba.druid.pool.PreparedStatementPool] - stmt enter cache
2019-12-27 16:21:50,353 DEBUG [com.alibaba.druid.pool.PreparedStatementPool] - stmt enter cache
2019-12-27 16:21:57,929 DEBUG [com.alibaba.druid.pool.PreparedStatementPool] - stmt enter cache
2019-12-27 16:21:57,941 DEBUG [com.alibaba.druid.pool.PreparedStatementPool] - stmt enter cache
2019-12-27 16:22:37,888 DEBUG [com.alibaba.druid.pool.PreparedStatementPool] - stmt enter cache
2019-12-27 16:22:37,897 DEBUG [com.alibaba.druid.pool.PreparedStatementPool] - stmt enter cache
2019-12-27 16:23:07,744 DEBUG [com.alibaba.druid.pool.PreparedStatementPool] - stmt enter cache
2019-12-27 16:23:07,792 DEBUG [com.alibaba.druid.pool.PreparedStatementPool] - stmt enter cache
2019-12-27 16:23:55,211 DEBUG [com.alibaba.druid.pool.PreparedStatementPool] - stmt enter cache
2019-12-27 16:23:55,219 DEBUG [com.alibaba.druid.pool.PreparedStatementPool] - stmt enter cache
2019-12-27 16:23:55,905 DEBUG [com.alibaba.druid.pool.PreparedStatementPool] - stmt enter cache
2019-12-27 16:23:55,924 DEBUG [com.alibaba.druid.pool.PreparedStatementPool] - stmt exit cache
2019-12-27 16:23:55,946 DEBUG [com.alibaba.druid.pool.PreparedStatementPool] - stmt enter cache
2019-12-27 16:23:56,497 DEBUG [com.alibaba.druid.pool.PreparedStatementPool] - stmt exit cache
2019-12-27 16:23:56,497 DEBUG [com.alibaba.druid.pool.PreparedStatementPool] - stmt enter cache
2019-12-27 16:23:56,509 DEBUG [com.alibaba.druid.pool.PreparedStatementPool] - stmt exit cache
2019-12-27 16:23:56,509 DEBUG [com.alibaba.druid.pool.PreparedStatementPool] - stmt enter cache
2019-12-27 16:24:14,259 DEBUG [com.alibaba.druid.pool.PreparedStatementPool] - stmt exit cache
2019-12-27 16:24:14,259 DEBUG [com.alibaba.druid.pool.PreparedStatementPool] - stmt enter cache
2019-12-27 16:24:16,851 DEBUG [com.alibaba.druid.pool.PreparedStatementPool] - stmt exit cache
2019-12-27 16:24:16,852 DEBUG [com.alibaba.druid.pool.PreparedStatementPool] - stmt enter cache
2019-12-27 16:24:16,882 DEBUG [com.alibaba.druid.pool.PreparedStatementPool] - stmt exit cache
2019-12-27 16:24:16,882 DEBUG [com.alibaba.druid.pool.PreparedStatementPool] - stmt enter cache
2019-12-27 16:24:16,927 DEBUG [com.alibaba.druid.pool.PreparedStatementPool] - stmt enter cache
2019-12-27 16:24:16,984 DEBUG [com.alibaba.druid.pool.PreparedStatementPool] - stmt enter cache
2019-12-27 16:24:49,896 DEBUG [com.alibaba.druid.pool.PreparedStatementPool] - stmt enter cache
2019-12-27 16:24:49,906 DEBUG [com.alibaba.druid.pool.PreparedStatementPool] - stmt enter cache
2019-12-27 16:24:57,196 DEBUG [com.alibaba.druid.pool.PreparedStatementPool] - stmt exit cache
2019-12-27 16:24:57,196 DEBUG [com.alibaba.druid.pool.PreparedStatementPool] - stmt enter cache
2019-12-27 16:24:57,208 DEBUG [com.alibaba.druid.pool.PreparedStatementPool] - stmt exit cache
2019-12-27 16:24:57,209 DEBUG [com.alibaba.druid.pool.PreparedStatementPool] - stmt enter cache
2019-12-27 16:24:57,220 DEBUG [com.alibaba.druid.pool.PreparedStatementPool] - stmt enter cache
2019-12-27 16:24:57,229 DEBUG [com.alibaba.druid.pool.PreparedStatementPool] - stmt enter cache
2019-12-27 16:25:15,028 DEBUG [com.alibaba.druid.pool.PreparedStatementPool] - stmt enter cache
2019-12-27 16:25:17,632 DEBUG [com.alibaba.druid.pool.PreparedStatementPool] - stmt enter cache
2019-12-27 16:25:17,663 DEBUG [com.alibaba.druid.pool.PreparedStatementPool] - stmt enter cache
2019-12-27 16:25:17,703 DEBUG [com.alibaba.druid.pool.PreparedStatementPool] - stmt enter cache
2019-12-27 16:25:17,726 DEBUG [com.alibaba.druid.pool.PreparedStatementPool] - stmt enter cache
2019-12-27 16:31:24,307 DEBUG [com.alibaba.druid.pool.PreparedStatementPool] - stmt enter cache
2019-12-27 16:38:50,251 DEBUG [com.alibaba.druid.pool.PreparedStatementPool] - stmt enter cache
2019-12-27 16:38:50,275 DEBUG [com.alibaba.druid.pool.PreparedStatementPool] - stmt enter cache
2019-12-27 16:40:33,398 DEBUG [com.alibaba.druid.pool.PreparedStatementPool] - stmt enter cache
2019-12-27 16:44:11,354 DEBUG [com.alibaba.druid.pool.PreparedStatementPool] - stmt enter cache
2019-12-27 16:44:11,408 DEBUG [com.alibaba.druid.pool.PreparedStatementPool] - stmt enter cache
2019-12-27 16:44:48,519 DEBUG [com.alibaba.druid.pool.PreparedStatementPool] - stmt enter cache
2019-12-27 16:44:48,670 DEBUG [com.alibaba.druid.pool.PreparedStatementPool] - stmt enter cache
2019-12-27 16:44:56,580 DEBUG [com.alibaba.druid.pool.PreparedStatementPool] - stmt enter cache
2019-12-27 16:44:56,592 DEBUG [com.alibaba.druid.pool.PreparedStatementPool] - stmt enter cache
2019-12-27 16:48:48,529 DEBUG [com.alibaba.druid.pool.PreparedStatementPool] - stmt exit cache
2019-12-27 16:48:48,529 DEBUG [com.alibaba.druid.pool.PreparedStatementPool] - stmt enter cache
2019-12-27 16:48:48,549 DEBUG [com.alibaba.druid.pool.PreparedStatementPool] - stmt exit cache
2019-12-27 16:48:48,549 DEBUG [com.alibaba.druid.pool.PreparedStatementPool] - stmt enter cache
2019-12-27 16:49:03,847 DEBUG [com.alibaba.druid.pool.PreparedStatementPool] - stmt exit cache
2019-12-27 16:49:03,847 DEBUG [com.alibaba.druid.pool.PreparedStatementPool] - stmt enter cache
2019-12-27 16:49:03,868 DEBUG [com.alibaba.druid.pool.PreparedStatementPool] - stmt exit cache
2019-12-27 16:49:03,868 DEBUG [com.alibaba.druid.pool.PreparedStatementPool] - stmt enter cache
2019-12-27 16:49:04,813 DEBUG [com.alibaba.druid.pool.PreparedStatementPool] - stmt exit cache
2019-12-27 16:49:04,813 DEBUG [com.alibaba.druid.pool.PreparedStatementPool] - stmt enter cache
2019-12-27 16:49:04,821 DEBUG [com.alibaba.druid.pool.PreparedStatementPool] - stmt exit cache
2019-12-27 16:49:04,821 DEBUG [com.alibaba.druid.pool.PreparedStatementPool] - stmt enter cache
2019-12-27 16:49:05,577 DEBUG [com.alibaba.druid.pool.PreparedStatementPool] - stmt exit cache
2019-12-27 16:49:05,577 DEBUG [com.alibaba.druid.pool.PreparedStatementPool] - stmt enter cache
2019-12-27 16:49:05,585 DEBUG [com.alibaba.druid.pool.PreparedStatementPool] - stmt exit cache
2019-12-27 16:49:05,585 DEBUG [com.alibaba.druid.pool.PreparedStatementPool] - stmt enter cache
2019-12-27 16:49:52,432 DEBUG [com.alibaba.druid.pool.PreparedStatementPool] - stmt exit cache
2019-12-27 16:49:52,432 DEBUG [com.alibaba.druid.pool.PreparedStatementPool] - stmt enter cache
2019-12-27 16:50:05,628 DEBUG [com.alibaba.druid.pool.PreparedStatementPool] - stmt exit cache
2019-12-27 16:50:05,628 DEBUG [com.alibaba.druid.pool.PreparedStatementPool] - stmt enter cache
2019-12-27 16:50:05,649 DEBUG [com.alibaba.druid.pool.PreparedStatementPool] - stmt exit cache
2019-12-27 16:50:05,649 DEBUG [com.alibaba.druid.pool.PreparedStatementPool] - stmt enter cache
2019-12-27 16:50:20,397 DEBUG [com.alibaba.druid.pool.PreparedStatementPool] - stmt exit cache
2019-12-27 16:50:20,397 DEBUG [com.alibaba.druid.pool.PreparedStatementPool] - stmt enter cache
2019-12-27 16:51:17,656 DEBUG [com.alibaba.druid.pool.PreparedStatementPool] - stmt exit cache
2019-12-27 16:51:17,656 DEBUG [com.alibaba.druid.pool.PreparedStatementPool] - stmt enter cache
2019-12-27 16:51:17,676 DEBUG [com.alibaba.druid.pool.PreparedStatementPool] - stmt exit cache
2019-12-27 16:51:17,676 DEBUG [com.alibaba.druid.pool.PreparedStatementPool] - stmt enter cache
2019-12-27 17:00:17,401 DEBUG [com.alibaba.druid.pool.PreparedStatementPool] - stmt exit cache
2019-12-27 17:00:17,402 DEBUG [com.alibaba.druid.pool.PreparedStatementPool] - stmt enter cache
2019-12-27 17:00:17,412 DEBUG [com.alibaba.druid.pool.PreparedStatementPool] - stmt exit cache
2019-12-27 17:00:17,412 DEBUG [com.alibaba.druid.pool.PreparedStatementPool] - stmt enter cache
2019-12-27 17:00:22,315 DEBUG [com.alibaba.druid.pool.PreparedStatementPool] - stmt exit cache
2019-12-27 17:00:22,316 DEBUG [com.alibaba.druid.pool.PreparedStatementPool] - stmt enter cache
2019-12-27 17:00:22,325 DEBUG [com.alibaba.druid.pool.PreparedStatementPool] - stmt exit cache
2019-12-27 17:00:22,326 DEBUG [com.alibaba.druid.pool.PreparedStatementPool] - stmt enter cache
2019-12-27 17:00:23,455 DEBUG [com.alibaba.druid.pool.PreparedStatementPool] - stmt exit cache
2019-12-27 17:00:23,455 DEBUG [com.alibaba.druid.pool.PreparedStatementPool] - stmt enter cache
2019-12-27 17:00:23,462 DEBUG [com.alibaba.druid.pool.PreparedStatementPool] - stmt exit cache
2019-12-27 17:00:23,462 DEBUG [com.alibaba.druid.pool.PreparedStatementPool] - stmt enter cache
2019-12-27 17:02:02,934 DEBUG [com.alibaba.druid.pool.PreparedStatementPool] - stmt exit cache
2019-12-27 17:02:02,934 DEBUG [com.alibaba.druid.pool.PreparedStatementPool] - stmt enter cache
2019-12-27 17:02:02,958 DEBUG [com.alibaba.druid.pool.PreparedStatementPool] - stmt exit cache
2019-12-27 17:02:02,958 DEBUG [com.alibaba.druid.pool.PreparedStatementPool] - stmt enter cache
2019-12-27 17:02:06,619 DEBUG [com.alibaba.druid.pool.PreparedStatementPool] - stmt exit cache
2019-12-27 17:02:06,619 DEBUG [com.alibaba.druid.pool.PreparedStatementPool] - stmt enter cache
2019-12-27 17:02:29,433 DEBUG [com.alibaba.druid.pool.PreparedStatementPool] - stmt exit cache
2019-12-27 17:02:29,434 DEBUG [com.alibaba.druid.pool.PreparedStatementPool] - stmt enter cache
2019-12-27 17:02:29,444 DEBUG [com.alibaba.druid.pool.PreparedStatementPool] - stmt exit cache
2019-12-27 17:02:29,444 DEBUG [com.alibaba.druid.pool.PreparedStatementPool] - stmt enter cache
2019-12-27 17:02:52,543 DEBUG [com.alibaba.druid.pool.PreparedStatementPool] - stmt exit cache
2019-12-27 17:02:52,544 DEBUG [com.alibaba.druid.pool.PreparedStatementPool] - stmt enter cache
2019-12-27 17:03:07,670 DEBUG [com.alibaba.druid.pool.PreparedStatementPool] - stmt exit cache
2019-12-27 17:03:07,671 DEBUG [com.alibaba.druid.pool.PreparedStatementPool] - stmt enter cache
2019-12-27 17:03:07,682 DEBUG [com.alibaba.druid.pool.PreparedStatementPool] - stmt exit cache
2019-12-27 17:03:07,682 DEBUG [com.alibaba.druid.pool.PreparedStatementPool] - stmt enter cache
2019-12-27 17:03:07,744 DEBUG [com.alibaba.druid.pool.PreparedStatementPool] - stmt exit cache
2019-12-27 17:03:07,744 DEBUG [com.alibaba.druid.pool.PreparedStatementPool] - stmt enter cache
2019-12-27 17:03:07,764 DEBUG [com.alibaba.druid.pool.PreparedStatementPool] - stmt exit cache
2019-12-27 17:03:07,764 DEBUG [com.alibaba.druid.pool.PreparedStatementPool] - stmt enter cache
2019-12-27 17:03:32,229 DEBUG [com.alibaba.druid.pool.PreparedStatementPool] - stmt exit cache
2019-12-27 17:03:32,229 DEBUG [com.alibaba.druid.pool.PreparedStatementPool] - stmt enter cache
2019-12-27 17:03:32,236 DEBUG [com.alibaba.druid.pool.PreparedStatementPool] - stmt exit cache
2019-12-27 17:03:32,236 DEBUG [com.alibaba.druid.pool.PreparedStatementPool] - stmt enter cache
2019-12-27 17:08:55,120 DEBUG [com.alibaba.druid.pool.PreparedStatementPool] - stmt exit cache
2019-12-27 17:08:55,121 DEBUG [com.alibaba.druid.pool.PreparedStatementPool] - stmt enter cache
2019-12-27 17:08:55,124 DEBUG [com.alibaba.druid.pool.PreparedStatementPool] - stmt exit cache
2019-12-27 17:08:55,124 DEBUG [com.alibaba.druid.pool.PreparedStatementPool] - stmt enter cache
2019-12-27 17:09:07,428 ERROR [org.hibernate.engine.jdbc.spi.SqlExceptionHelper] - Unknown column '全部日期' in 'where clause'
2019-12-27 17:11:05,049 DEBUG [com.alibaba.druid.pool.PreparedStatementPool] - stmt exit cache
2019-12-27 17:11:05,049 DEBUG [com.alibaba.druid.pool.PreparedStatementPool] - stmt enter cache
2019-12-27 17:11:10,920 DEBUG [com.alibaba.druid.pool.PreparedStatementPool] - stmt exit cache
2019-12-27 17:11:10,920 DEBUG [com.alibaba.druid.pool.PreparedStatementPool] - stmt enter cache
2019-12-27 17:11:10,925 DEBUG [com.alibaba.druid.pool.PreparedStatementPool] - stmt exit cache
2019-12-27 17:11:10,925 DEBUG [com.alibaba.druid.pool.PreparedStatementPool] - stmt enter cache
2019-12-27 17:11:12,709 DEBUG [com.alibaba.druid.pool.PreparedStatementPool] - stmt exit cache
2019-12-27 17:11:12,709 DEBUG [com.alibaba.druid.pool.PreparedStatementPool] - stmt enter cache
2019-12-27 17:11:12,711 DEBUG [com.alibaba.druid.pool.PreparedStatementPool] - stmt exit cache
2019-12-27 17:11:12,711 DEBUG [com.alibaba.druid.pool.PreparedStatementPool] - stmt enter cache
2019-12-27 17:12:34,927 DEBUG [com.alibaba.druid.pool.PreparedStatementPool] - stmt exit cache
2019-12-27 17:12:34,927 DEBUG [com.alibaba.druid.pool.PreparedStatementPool] - stmt enter cache
2019-12-30 17:06:11,731 DEBUG [com.alibaba.druid.pool.PreparedStatementPool] - stmt enter cache
2019-12-30 17:06:15,436 DEBUG [com.alibaba.druid.pool.PreparedStatementPool] - stmt enter cache
2019-12-30 17:06:15,499 DEBUG [com.alibaba.druid.pool.PreparedStatementPool] - stmt enter cache
2019-12-30 17:06:15,505 DEBUG [com.alibaba.druid.pool.PreparedStatementPool] - stmt enter cache
2019-12-30 17:06:15,517 DEBUG [com.alibaba.druid.pool.PreparedStatementPool] - stmt enter cache
2019-12-30 17:06:16,924 DEBUG [com.alibaba.druid.pool.PreparedStatementPool] - stmt enter cache
2019-12-30 17:06:16,931 DEBUG [com.alibaba.druid.pool.PreparedStatementPool] - stmt enter cache
2019-12-30 17:06:19,602 DEBUG [com.alibaba.druid.pool.PreparedStatementPool] - stmt enter cache
2019-12-30 17:06:22,935 DEBUG [com.alibaba.druid.pool.PreparedStatementPool] - stmt enter cache
2019-12-30 17:06:22,954 DEBUG [com.alibaba.druid.pool.PreparedStatementPool] - stmt enter cache
2019-12-30 17:06:26,384 DEBUG [com.alibaba.druid.pool.PreparedStatementPool] - stmt enter cache
2019-12-30 17:06:26,423 DEBUG [com.alibaba.druid.pool.PreparedStatementPool] - stmt enter cache
2019-12-30 17:06:26,558 DEBUG [com.alibaba.druid.pool.PreparedStatementPool] - stmt enter cache
